<?xml version="1.0" encoding="UTF-8"?>
<!-- Generated by org.testng.reporters.JUnitReportReporter -->
<testsuite hostname="LAPTOP-I3AH956V" failures="0" tests="2" name="rahulshettyacademy.ErrorValidations" time="14.829" errors="0" timestamp="2025-04-26T14:43:03 IST" skipped="0">
  <testcase classname="rahulshettyacademy.ErrorValidations" name="ProductErrorValidation" time="7.206"/>
  <testcase classname="rahulshettyacademy.ErrorValidations" name="LoginErrorValidation" time="7.623"/>
</testsuite> <!-- rahulshettyacademy.ErrorValidations -->
