<?xml version="1.0" encoding="UTF-8"?>
<!-- Generated by org.testng.reporters.JUnitReportReporter -->
<testsuite hostname="LAPTOP-I3AH956V" failures="0" tests="2" name="rahulshettyacademy.ErrorValidations" time="11.349" errors="0" timestamp="2025-04-20T17:10:11 IST" skipped="0">
  <testcase classname="rahulshettyacademy.ErrorValidations" name="ProductErrorValidation" time="7.078"/>
  <testcase classname="rahulshettyacademy.ErrorValidations" name="LoginErrorValidation" time="4.271"/>
</testsuite> <!-- rahulshettyacademy.ErrorValidations -->
