<?xml version="1.0" encoding="UTF-8"?>
<!-- Generated by org.testng.reporters.JUnitReportReporter -->
<testsuite hostname="LAPTOP-I3AH956V" failures="0" tests="2" name="rahulshettyacademy.SubmitOrderTest" time="16.208" errors="0" timestamp="2025-04-20T19:31:34 IST" skipped="0">
  <testcase classname="rahulshettyacademy.SubmitOrderTest" name="SubmitOrder" time="9.858"/>
  <testcase classname="rahulshettyacademy.SubmitOrderTest" name="SubmitOrder" time="6.350"/>
</testsuite> <!-- rahulshettyacademy.SubmitOrderTest -->
