<?xml version="1.0" encoding="UTF-8"?>
<!-- Generated by org.testng.reporters.JUnitReportReporter -->
<testsuite hostname="LAPTOP-I3AH956V" failures="0" tests="3" name="rahulshettyacademy.SubmitOrderTest" time="24.502" errors="0" timestamp="2025-04-26T14:43:03 IST" skipped="0">
  <testcase classname="rahulshettyacademy.SubmitOrderTest" name="OrderHistoryTest" time="5.537"/>
  <testcase classname="rahulshettyacademy.SubmitOrderTest" name="SubmitOrder" time="8.770"/>
  <testcase classname="rahulshettyacademy.SubmitOrderTest" name="SubmitOrder" time="10.195"/>
</testsuite> <!-- rahulshettyacademy.SubmitOrderTest -->
