<?xml version="1.0" encoding="UTF-8"?>
<!-- Generated by org.testng.reporters.JUnitReportReporter -->
<testsuite hostname="LAPTOP-I3AH956V" failures="0" tests="3" name="rahulshettyacademy.SubmitOrderTest" time="24.306" errors="0" timestamp="2025-04-21T14:10:32 IST" skipped="0">
  <testcase classname="rahulshettyacademy.SubmitOrderTest" name="OrderHistoryTest" time="4.235"/>
  <testcase classname="rahulshettyacademy.SubmitOrderTest" name="SubmitOrder" time="13.193"/>
  <testcase classname="rahulshettyacademy.SubmitOrderTest" name="SubmitOrder" time="6.878"/>
</testsuite> <!-- rahulshettyacademy.SubmitOrderTest -->
