<?xml version="1.0" encoding="UTF-8"?>
<!-- Generated by org.testng.reporters.JUnitReportReporter -->
<testsuite hostname="LAPTOP-I3AH956V" failures="0" tests="2" name="rahulshettyacademy.SubmitOrderTest" time="17.018" errors="0" timestamp="2025-04-20T20:04:51 IST" skipped="0">
  <testcase classname="rahulshettyacademy.SubmitOrderTest" name="SubmitOrder" time="9.689"/>
  <testcase classname="rahulshettyacademy.SubmitOrderTest" name="SubmitOrder" time="7.329"/>
</testsuite> <!-- rahulshettyacademy.SubmitOrderTest -->
