<?xml version="1.0" encoding="UTF-8"?>
<!-- Generated by org.testng.reporters.JUnitReportReporter -->
<testsuite hostname="LAPTOP-I3AH956V" failures="0" tests="3" name="rahulshettyacademy.SubmitOrderTest" time="21.925" errors="0" timestamp="2025-04-21T02:31:44 IST" skipped="0">
  <testcase classname="rahulshettyacademy.SubmitOrderTest" name="SubmitOrder" time="9.164"/>
  <testcase classname="rahulshettyacademy.SubmitOrderTest" name="SubmitOrder" time="6.481"/>
  <testcase classname="rahulshettyacademy.SubmitOrderTest" name="OrderHistoryTest" time="6.280"/>
</testsuite> <!-- rahulshettyacademy.SubmitOrderTest -->
