<?xml version="1.0" encoding="UTF-8"?>
<!-- Generated by org.testng.reporters.JUnitReportReporter -->
<testsuite hostname="LAPTOP-I3AH956V" failures="0" tests="2" name="rahulshettyacademy.ErrorValidations" time="9.437" errors="0" timestamp="2025-04-26T14:26:43 IST" skipped="0">
  <testcase classname="rahulshettyacademy.ErrorValidations" name="ProductErrorValidation" time="5.330"/>
  <testcase classname="rahulshettyacademy.ErrorValidations" name="LoginErrorValidation" time="4.107"/>
</testsuite> <!-- rahulshettyacademy.ErrorValidations -->
