<?xml version="1.0" encoding="UTF-8"?>
<!-- Generated by org.testng.reporters.JUnitReportReporter -->
<testsuite hostname="LAPTOP-I3AH956V" failures="0" tests="1" name="rahulshettyacademy.ErrorValidations" time="5.530" errors="0" timestamp="2025-04-21T14:46:19 IST" skipped="0">
  <testcase classname="rahulshettyacademy.ErrorValidations" name="LoginErrorValidation" time="5.530"/>
</testsuite> <!-- rahulshettyacademy.ErrorValidations -->
